1694924796.123276 client started (29828): version 3.3a, socket /private/tmp/tmux-501/default, protocol 8
1694924796.123325 on Darwin 22.5.0 Darwin Kernel Version 22.5.0: Thu Jun  8 22:22:20 PDT 2023; root:xnu-8796.121.3~7/RELEASE_ARM64_T6000
1694924796.123359 using libevent 2.1.12-stable (select); utf8proc 2.8.0; ncurses 6.4
1694924796.123381 flags are 0x10010000
1694924796.123388 socket is /private/tmp/tmux-501/default
1694924796.123399 trying connect
1694924796.123454 add peer 0x130008000: 6 (0x0)
1694924796.127302 sending message 100 to peer 0x130008000 (4 bytes)
1694924796.127319 sending message 111 to peer 0x130008000 (8 bytes)
1694924796.127325 sending message 101 to peer 0x130008000 (16 bytes)
1694924796.127330 sending message 109 to peer 0x130008000 (4 bytes)
1694924796.127335 sending message 102 to peer 0x130008000 (13 bytes)
1694924796.127341 sending message 108 to peer 0x130008000 (28 bytes)
1694924796.127346 sending message 112 to peer 0x130008000 (70 bytes)
1694924796.127351 sending message 112 to peer 0x130008000 (5 bytes)
1694924796.127357 sending message 112 to peer 0x130008000 (5 bytes)
1694924796.127362 sending message 112 to peer 0x130008000 (6 bytes)
1694924796.127367 sending message 112 to peer 0x130008000 (6 bytes)
1694924796.127372 sending message 112 to peer 0x130008000 (11 bytes)
1694924796.127377 sending message 112 to peer 0x130008000 (10 bytes)
1694924796.127383 sending message 112 to peer 0x130008000 (13 bytes)
1694924796.127388 sending message 112 to peer 0x130008000 (13 bytes)
1694924796.127393 sending message 112 to peer 0x130008000 (18 bytes)
1694924796.127398 sending message 112 to peer 0x130008000 (11 bytes)
1694924796.127403 sending message 112 to peer 0x130008000 (21 bytes)
1694924796.127408 sending message 112 to peer 0x130008000 (13 bytes)
1694924796.127413 sending message 112 to peer 0x130008000 (7 bytes)
1694924796.127418 sending message 112 to peer 0x130008000 (13 bytes)
1694924796.127423 sending message 112 to peer 0x130008000 (7 bytes)
1694924796.127428 sending message 112 to peer 0x130008000 (13 bytes)
1694924796.127433 sending message 112 to peer 0x130008000 (9 bytes)
1694924796.127439 sending message 112 to peer 0x130008000 (21 bytes)
1694924796.127444 sending message 112 to peer 0x130008000 (13 bytes)
1694924796.127449 sending message 112 to peer 0x130008000 (8 bytes)
1694924796.127454 sending message 112 to peer 0x130008000 (12 bytes)
1694924796.127459 sending message 112 to peer 0x130008000 (13 bytes)
1694924796.127464 sending message 112 to peer 0x130008000 (9 bytes)
1694924796.127469 sending message 112 to peer 0x130008000 (9 bytes)
1694924796.127474 sending message 112 to peer 0x130008000 (12 bytes)
1694924796.127479 sending message 112 to peer 0x130008000 (8 bytes)
1694924796.127485 sending message 112 to peer 0x130008000 (7 bytes)
1694924796.127490 sending message 112 to peer 0x130008000 (7 bytes)
1694924796.127495 sending message 112 to peer 0x130008000 (9 bytes)
1694924796.127500 sending message 112 to peer 0x130008000 (13 bytes)
1694924796.127505 sending message 112 to peer 0x130008000 (9 bytes)
1694924796.127510 sending message 112 to peer 0x130008000 (15 bytes)
1694924796.127515 sending message 112 to peer 0x130008000 (13 bytes)
1694924796.127521 sending message 112 to peer 0x130008000 (12 bytes)
1694924796.127526 sending message 112 to peer 0x130008000 (8 bytes)
1694924796.127531 sending message 112 to peer 0x130008000 (14 bytes)
1694924796.127536 sending message 112 to peer 0x130008000 (9 bytes)
1694924796.127541 sending message 112 to peer 0x130008000 (10 bytes)
1694924796.127546 sending message 112 to peer 0x130008000 (10 bytes)
1694924796.127551 sending message 112 to peer 0x130008000 (10 bytes)
1694924796.127557 sending message 112 to peer 0x130008000 (10 bytes)
1694924796.127562 sending message 112 to peer 0x130008000 (11 bytes)
1694924796.127567 sending message 112 to peer 0x130008000 (10 bytes)
1694924796.127572 sending message 112 to peer 0x130008000 (8 bytes)
1694924796.127577 sending message 112 to peer 0x130008000 (11 bytes)
1694924796.127582 sending message 112 to peer 0x130008000 (11 bytes)
1694924796.127613 sending message 112 to peer 0x130008000 (11 bytes)
1694924796.127617 sending message 112 to peer 0x130008000 (8 bytes)
1694924796.127621 sending message 112 to peer 0x130008000 (8 bytes)
1694924796.127625 sending message 112 to peer 0x130008000 (8 bytes)
1694924796.127628 sending message 112 to peer 0x130008000 (10 bytes)
1694924796.127632 sending message 112 to peer 0x130008000 (10 bytes)
1694924796.127636 sending message 112 to peer 0x130008000 (10 bytes)
1694924796.127639 sending message 112 to peer 0x130008000 (10 bytes)
1694924796.127643 sending message 112 to peer 0x130008000 (10 bytes)
1694924796.127647 sending message 112 to peer 0x130008000 (11 bytes)
1694924796.127650 sending message 112 to peer 0x130008000 (11 bytes)
1694924796.127654 sending message 112 to peer 0x130008000 (10 bytes)
1694924796.127658 sending message 112 to peer 0x130008000 (9 bytes)
1694924796.127661 sending message 112 to peer 0x130008000 (9 bytes)
1694924796.127665 sending message 112 to peer 0x130008000 (12 bytes)
1694924796.127669 sending message 112 to peer 0x130008000 (9 bytes)
1694924796.127672 sending message 112 to peer 0x130008000 (6 bytes)
1694924796.127676 sending message 112 to peer 0x130008000 (13 bytes)
1694924796.127680 sending message 112 to peer 0x130008000 (8 bytes)
1694924796.127684 sending message 112 to peer 0x130008000 (15 bytes)
1694924796.127687 sending message 112 to peer 0x130008000 (13 bytes)
1694924796.127691 sending message 112 to peer 0x130008000 (70 bytes)
1694924796.127695 sending message 112 to peer 0x130008000 (69 bytes)
1694924796.127698 sending message 112 to peer 0x130008000 (10 bytes)
1694924796.127702 sending message 112 to peer 0x130008000 (8 bytes)
1694924796.127706 sending message 112 to peer 0x130008000 (15 bytes)
1694924796.127709 sending message 112 to peer 0x130008000 (13 bytes)
1694924796.127713 sending message 112 to peer 0x130008000 (10 bytes)
1694924796.127717 sending message 112 to peer 0x130008000 (10 bytes)
1694924796.127720 sending message 112 to peer 0x130008000 (5 bytes)
1694924796.127724 sending message 112 to peer 0x130008000 (15 bytes)
1694924796.127729 sending message 104 to peer 0x130008000 (0 bytes)
1694924796.127733 sending message 110 to peer 0x130008000 (0 bytes)
1694924796.127737 sending message 107 to peer 0x130008000 (4 bytes)
1694924796.127741 sending message 105 to peer 0x130008000 (15 bytes)
1694924796.127744 sending message 105 to peer 0x130008000 (20 bytes)
1694924796.127748 sending message 105 to peer 0x130008000 (22 bytes)
1694924796.127751 sending message 105 to peer 0x130008000 (20 bytes)
1694924796.127755 sending message 105 to peer 0x130008000 (23 bytes)
1694924796.127759 sending message 105 to peer 0x130008000 (61 bytes)
1694924796.127762 sending message 105 to peer 0x130008000 (15 bytes)
1694924796.127766 sending message 105 to peer 0x130008000 (19 bytes)
1694924796.127769 sending message 105 to peer 0x130008000 (27 bytes)
1694924796.127773 sending message 105 to peer 0x130008000 (16 bytes)
1694924796.127777 sending message 105 to peer 0x130008000 (681 bytes)
1694924796.127780 sending message 105 to peer 0x130008000 (32 bytes)
1694924796.127784 sending message 105 to peer 0x130008000 (15 bytes)
1694924796.127788 sending message 105 to peer 0x130008000 (66 bytes)
1694924796.127791 sending message 105 to peer 0x130008000 (21 bytes)
1694924796.127795 sending message 105 to peer 0x130008000 (18 bytes)
1694924796.127798 sending message 105 to peer 0x130008000 (26 bytes)
1694924796.127802 sending message 105 to peer 0x130008000 (60 bytes)
1694924796.127806 sending message 105 to peer 0x130008000 (57 bytes)
1694924796.127809 sending message 105 to peer 0x130008000 (43 bytes)
1694924796.127813 sending message 105 to peer 0x130008000 (13 bytes)
1694924796.127817 sending message 105 to peer 0x130008000 (13 bytes)
1694924796.127820 sending message 105 to peer 0x130008000 (14 bytes)
1694924796.127824 sending message 105 to peer 0x130008000 (19 bytes)
1694924796.127827 sending message 105 to peer 0x130008000 (43 bytes)
1694924796.127838 sending message 105 to peer 0x130008000 (38 bytes)
1694924796.127842 sending message 105 to peer 0x130008000 (8 bytes)
1694924796.127845 sending message 105 to peer 0x130008000 (22 bytes)
1694924796.127849 sending message 105 to peer 0x130008000 (47 bytes)
1694924796.127852 sending message 105 to peer 0x130008000 (30 bytes)
1694924796.127856 sending message 105 to peer 0x130008000 (37 bytes)
1694924796.127860 sending message 105 to peer 0x130008000 (34 bytes)
1694924796.127863 sending message 105 to peer 0x130008000 (87 bytes)
1694924796.127867 sending message 105 to peer 0x130008000 (35 bytes)
1694924796.127871 sending message 105 to peer 0x130008000 (12 bytes)
1694924796.127874 sending message 105 to peer 0x130008000 (22 bytes)
1694924796.127878 sending message 105 to peer 0x130008000 (30 bytes)
1694924796.127881 sending message 105 to peer 0x130008000 (43 bytes)
1694924796.127885 sending message 105 to peer 0x130008000 (11 bytes)
1694924796.127888 sending message 105 to peer 0x130008000 (8 bytes)
1694924796.127892 sending message 105 to peer 0x130008000 (32 bytes)
1694924796.127896 sending message 105 to peer 0x130008000 (10 bytes)
1694924796.127899 sending message 105 to peer 0x130008000 (28 bytes)
1694924796.127903 sending message 105 to peer 0x130008000 (16 bytes)
1694924796.127906 sending message 105 to peer 0x130008000 (55 bytes)
1694924796.127910 sending message 105 to peer 0x130008000 (64 bytes)
1694924796.127913 sending message 105 to peer 0x130008000 (68 bytes)
1694924796.127917 sending message 105 to peer 0x130008000 (70 bytes)
1694924796.127921 sending message 105 to peer 0x130008000 (76 bytes)
1694924796.127924 sending message 105 to peer 0x130008000 (72 bytes)
1694924796.127928 sending message 105 to peer 0x130008000 (74 bytes)
1694924796.127931 sending message 105 to peer 0x130008000 (76 bytes)
1694924796.127935 sending message 105 to peer 0x130008000 (72 bytes)
1694924796.127938 sending message 105 to peer 0x130008000 (70 bytes)
1694924796.127942 sending message 105 to peer 0x130008000 (76 bytes)
1694924796.127945 sending message 105 to peer 0x130008000 (76 bytes)
1694924796.127949 sending message 105 to peer 0x130008000 (74 bytes)
1694924796.127953 sending message 105 to peer 0x130008000 (78 bytes)
1694924796.127956 sending message 105 to peer 0x130008000 (74 bytes)
1694924796.127960 sending message 105 to peer 0x130008000 (92 bytes)
1694924796.127963 sending message 105 to peer 0x130008000 (90 bytes)
1694924796.127967 sending message 105 to peer 0x130008000 (72 bytes)
1694924796.127971 sending message 105 to peer 0x130008000 (84 bytes)
1694924796.127974 sending message 105 to peer 0x130008000 (25 bytes)
1694924796.127978 sending message 106 to peer 0x130008000 (0 bytes)
1694924796.128028 sending message 200 to peer 0x130008000 (4 bytes)
1694924796.128034 client loop enter
1694924796.128204 peer 0x130008000 message 303
1694924796.128217 open write file 2 -
1694924796.128234 sending message 305 to peer 0x130008000 (8 bytes)
1694924796.128244 write check file 2
1694924796.128281 peer 0x130008000 message 304
1694924796.128288 write 58 to file 2
1694924796.128293 peer 0x130008000 message 203
1694924796.128297 file 2 58 bytes left
1694924796.128308 write check file 2
1694924796.128312 client loop exit
